<?xml version="1.0" encoding="UTF-8"?>
<testsuite name="DbTests" tests="1" skipped="0" failures="0" errors="0" timestamp="2020-12-25T21:49:48" hostname="LBUO0071" time="1.016">
  <properties/>
  <testcase name="testDbInsertUser" classname="DbTests" time="1.016"/>
  <system-out><![CDATA[]]></system-out>
  <system-err><![CDATA[SLF4J: Failed to load class "org.slf4j.impl.StaticLoggerBinder".
SLF4J: Defaulting to no-operation (NOP) logger implementation
SLF4J: See http://www.slf4j.org/codes.html#StaticLoggerBinder for further details.
]]></system-err>
</testsuite>
